<?xml version="1.0" encoding="UTF-8"?>
<!-- Generated by org.testng.reporters.JUnitReportReporter -->
<testsuite skipped="0" hostname="LAPTOP-GJ7LJN7E" name="com.test.techChallenge.HomePageTest" tests="1" failures="0" timestamp="2024-01-29T09:58:45 IST" time="30.790" errors="0">
  <testcase name="homePage_Verification" time="30.790" classname="com.test.techChallenge.HomePageTest"/>
  <system-out/>
</testsuite> <!-- com.test.techChallenge.HomePageTest -->
