<?xml version="1.0" encoding="UTF-8"?>
<!-- Generated by org.testng.reporters.JUnitReportReporter -->
<testsuite skipped="2" hostname="LAPTOP-GJ7LJN7E" name="com.test.techChallenge.HomePageTest" tests="2" failures="0" timestamp="24 Jan 2024 17:37:56 GMT" time="0.000" errors="0">
  <testcase name="homePage_Verification" time="0.000" classname="com.test.techChallenge.HomePageTest">
    <skipped/>
  </testcase> <!-- homePage_Verification -->
  <testcase name="contactUs_Verification" time="0.000" classname="com.test.techChallenge.HomePageTest">
    <skipped/>
  </testcase> <!-- contactUs_Verification -->
</testsuite> <!-- com.test.techChallenge.HomePageTest -->
